<?xml version="1.0" encoding="UTF-8"?>
<!-- Generated by org.testng.reporters.JUnitReportReporter -->
<testsuite skipped="0" hostname="6thenergy-PC" name="com.projectname.qa.TestCases.RegistrationTest" tests="1" failures="0" timestamp="17 Aug 2022 18:25:15 GMT" time="11.912" errors="0">
  <testcase name="FacebookRegistrationPageTest" time="11.912" classname="com.projectname.qa.TestCases.RegistrationTest"/>
</testsuite> <!-- com.projectname.qa.TestCases.RegistrationTest -->
