<?xml version="1.0" encoding="UTF-8"?>
<!-- Generated by org.testng.reporters.JUnitReportReporter -->
<testsuite skipped="0" hostname="6thenergy-PC" name="com.projectname.qa.TestCases.LoginTest" tests="1" failures="0" timestamp="17 Aug 2022 18:33:47 GMT" time="3.927" errors="0">
  <testcase name="FacebookLoginPageTest" time="3.927" classname="com.projectname.qa.TestCases.LoginTest"/>
</testsuite> <!-- com.projectname.qa.TestCases.LoginTest -->
